<?xml version="1.0" encoding="UTF-8"?>
<!-- Generated by org.testng.reporters.JUnitReportReporter -->
<testsuite skipped="0" hostname="QTLSYS0-225" name="tests.QCStore" tests="1" failures="0" timestamp="06 Oct 2020 10:55:40 GMT" time="703.473" errors="0">
  <testcase name="QC_Online_UTILP_DC_CashAtStore_Txn_Testdata" time="703.473" classname="tests.QCStore"/>
</testsuite> <!-- tests.QCStore -->
