<?xml version="1.0" encoding="UTF-8"?>
<!-- Generated by org.testng.reporters.JUnitReportReporter -->
<testsuite skipped="0" hostname="QTLSYS0-225" name="tests.QCStore" tests="1" failures="0" timestamp="06 Oct 2020 05:59:14 GMT" time="236.887" errors="0">
  <testcase name="QC_Online_UTPDL_ACH_Txn_Testdata" time="236.887" classname="tests.QCStore"/>
</testsuite> <!-- tests.QCStore -->
